<?xml version="1.0" encoding="UTF-8"?>
<!-- Generated by org.testng.reporters.JUnitXMLReporter -->
<testsuite ignored="0" hostname="LAPTOP-DCH1U2PQ" failures="0" tests="4" name="Default test" time="17.759" errors="0" timestamp="2024-09-23T18:40:59 IST">
  <testcase classname="com.nithin.tests.SubmitOrderTest" name="submitOrder" time="3.5"/>
  <testcase classname="com.nithin.tests.SubmitOrderTest" name="submitOrder" time="3.571"/>
  <testcase classname="com.nithin.tests.SubmitOrderTest" name="orderHistoryTest" time="0.492"/>
  <testcase classname="com.nithin.tests.SubmitOrderTest" name="orderHistoryTest" time="0.538"/>
</testsuite> <!-- Default test -->
