<?xml version="1.0" encoding="UTF-8"?>
<!-- Generated by org.testng.reporters.JUnitXMLReporter -->
<testsuite ignored="0" hostname="LAPTOP-DCH1U2PQ" failures="0" tests="4" name="Default test" time="19.14" errors="0" timestamp="2024-09-24T14:18:25 IST">
  <testcase classname="com.nithin.tests.SubmitOrderTest" name="submitOrder" time="3.59"/>
  <testcase classname="com.nithin.tests.SubmitOrderTest" name="submitOrder" time="3.653"/>
  <testcase classname="com.nithin.tests.SubmitOrderTest" name="orderHistoryTest" time="0.664"/>
  <testcase classname="com.nithin.tests.SubmitOrderTest" name="orderHistoryTest" time="0.59"/>
</testsuite> <!-- Default test -->
