<?xml version="1.0" encoding="UTF-8"?>
<!-- Generated by org.testng.reporters.JUnitXMLReporter -->
<testsuite ignored="1" hostname="LAPTOP-DCH1U2PQ" failures="0" tests="2" name="SubmitOrder Test" time="11.226" errors="0" timestamp="2024-09-23T18:42:55 IST">
  <testcase classname="com.nithin.tests.SubmitOrderTest" name="submitOrder" time="3.416"/>
  <testcase classname="com.nithin.tests.SubmitOrderTest" name="submitOrder" time="3.526"/>
  <testcase classname="com.nithin.tests.SubmitOrderTest" name="orderHistoryTest" time="0.0">
    <ignored/>
  </testcase> <!-- orderHistoryTest -->
</testsuite> <!-- SubmitOrder Test -->
