<?xml version="1.0" encoding="UTF-8"?>
<testng-results ignored="0" total="1" passed="1" failed="0" skipped="0">
  <reporter-output>
  </reporter-output>
  <suite started-at="2024-09-24T15:13:16 IST" name="Default suite" finished-at="2024-09-24T15:13:19 IST" duration-ms="3195">
    <groups>
    </groups>
    <test started-at="2024-09-24T15:13:16 IST" name="Default test" finished-at="2024-09-24T15:13:19 IST" duration-ms="3195">
      <class name="com.nithin.abstarctcomponents.ExtentReport">
        <test-method is-config="true" signature="config()[pri:0, instance:com.nithin.abstarctcomponents.ExtentReport@4c402120]" started-at="2024-09-24T15:13:16 IST" name="config" finished-at="2024-09-24T15:13:16 IST" duration-ms="161" status="PASS">
          <reporter-output>
          </reporter-output>
        </test-method> <!-- config -->
        <test-method signature="initializedemo()[pri:0, instance:com.nithin.abstarctcomponents.ExtentReport@4c402120]" started-at="2024-09-24T15:13:16 IST" name="initializedemo" finished-at="2024-09-24T15:13:19 IST" duration-ms="3004" status="PASS">
          <reporter-output>
          </reporter-output>
        </test-method> <!-- initializedemo -->
      </class> <!-- com.nithin.abstarctcomponents.ExtentReport -->
    </test> <!-- Default test -->
  </suite> <!-- Default suite -->
</testng-results>
