<?xml version="1.0" encoding="UTF-8"?>
<testng-results ignored="0" total="2" passed="2" failed="0" skipped="0">
  <reporter-output>
  </reporter-output>
  <suite started-at="2024-09-23T18:42:44 IST" name="Suite" finished-at="2024-09-23T18:42:55 IST" duration-ms="11226">
    <groups>
      <group name="Purchase">
        <method signature="SubmitOrderTest.submitOrder(java.lang.String,java.lang.String,java.lang.String)[pri:0, instance:com.nithin.tests.SubmitOrderTest@55b0dcab]" name="submitOrder" class="com.nithin.tests.SubmitOrderTest"/>
      </group> <!-- Purchase -->
    </groups>
    <test started-at="2024-09-23T18:42:44 IST" name="Error Validation Test" finished-at="2024-09-23T18:42:44 IST" duration-ms="9">
    </test> <!-- Error Validation Test -->
    <test started-at="2024-09-23T18:42:44 IST" name="SubmitOrder Test" finished-at="2024-09-23T18:42:55 IST" duration-ms="11226">
      <class name="com.nithin.tests.SubmitOrderTest">
        <test-method is-config="true" signature="launchApplication()[pri:0, instance:com.nithin.tests.SubmitOrderTest@55b0dcab]" started-at="2024-09-23T18:42:44 IST" name="launchApplication" finished-at="2024-09-23T18:42:47 IST" duration-ms="2958" status="PASS">
          <reporter-output>
          </reporter-output>
        </test-method> <!-- launchApplication -->
        <test-method signature="submitOrder(java.lang.String,java.lang.String,java.lang.String)[pri:0, instance:com.nithin.tests.SubmitOrderTest@55b0dcab]" started-at="2024-09-23T18:42:47 IST" name="submitOrder" data-provider="testData" finished-at="2024-09-23T18:42:50 IST" duration-ms="3416" status="PASS">
          <params>
            <param index="0">
              <value>
                <![CDATA[batman@gmail.com]]>
              </value>
            </param>
            <param index="1">
              <value>
                <![CDATA[Batman123@]]>
              </value>
            </param>
            <param index="2">
              <value>
                <![CDATA[ZARA COAT 3]]>
              </value>
            </param>
          </params>
          <reporter-output>
          </reporter-output>
        </test-method> <!-- submitOrder -->
        <test-method is-config="true" signature="launchApplication()[pri:0, instance:com.nithin.tests.SubmitOrderTest@55b0dcab]" started-at="2024-09-23T18:42:50 IST" name="launchApplication" finished-at="2024-09-23T18:42:51 IST" duration-ms="1268" status="PASS">
          <reporter-output>
          </reporter-output>
        </test-method> <!-- launchApplication -->
        <test-method signature="submitOrder(java.lang.String,java.lang.String,java.lang.String)[pri:0, instance:com.nithin.tests.SubmitOrderTest@55b0dcab]" started-at="2024-09-23T18:42:51 IST" name="submitOrder" data-provider="testData" finished-at="2024-09-23T18:42:55 IST" duration-ms="3526" status="PASS">
          <params>
            <param index="0">
              <value>
                <![CDATA[batman@gmail.com]]>
              </value>
            </param>
            <param index="1">
              <value>
                <![CDATA[Batman123@]]>
              </value>
            </param>
            <param index="2">
              <value>
                <![CDATA[ADIDAS ORIGINAL]]>
              </value>
            </param>
          </params>
          <reporter-output>
          </reporter-output>
        </test-method> <!-- submitOrder -->
      </class> <!-- com.nithin.tests.SubmitOrderTest -->
    </test> <!-- SubmitOrder Test -->
  </suite> <!-- Suite -->
</testng-results>
